Repo [      althing ] : runtime of 1.4 min. using existing raw data
Repo [   assembleia ] : runtime of 0.5 min. using existing raw data
Repo [      belparl ] : runtime of 0.8 min. using existing raw data
Repo [       bgparl ] : runtime of 0.5 min. using existing raw data
Repo [    eduskunta ] : runtime of 0.6 min. using existing raw data
Repo [  folketinget ] : runtime of 0.3 min. using existing raw data
Repo [      knesset ] : runtime of 0.3 min. using existing raw data
Repo [  nationalrat ] : runtime of 0.5 min. using existing raw data
Repo [         nrsr ] : runtime of 0.2 min. using existing raw data
Repo [   oireachtas ] : runtime of 0.6 min. using existing raw data
Repo [ orszaggyules ] : runtime of 0.2 min. using existing raw data
Repo [    parlament ] : runtime of 1.4 min. using existing raw data
Repo [   parlamento ] : runtime of 4.4 min. using existing raw data
Repo [  parlamentul ] : runtime of 2.4 min. using existing raw data
Repo [    parlement ] : runtime of 2.2 min. using existing raw data
Repo [    riigikogu ] : runtime of 0.0 min. using existing raw data
Repo [      riksdag ] : runtime of 1.5 min. using existing raw data
Repo [       seimas ] : runtime of 0.2 min. using existing raw data
Repo [   stortinget ] : runtime of 0.6 min. using existing raw data
Repo [       swparl ] : runtime of 0.6 min. using existing raw data

